TN:
SF:/Users/fabricio/Projects/whiteprompt/r&d/developer-bootcamp/hardhat-starter-kit/contracts/APIConsumer.sol
FN:20,constructor
FN:38,requestVolumeData
FN:68,fulfill
FN:77,withdrawLink
FN:82,stringToBytes32
FNF:5
FNH:3
FNDA:3,constructor
FNDA:1,requestVolumeData
FNDA:0,fulfill
FNDA:0,withdrawLink
FNDA:3,stringToBytes32
DA:21,3
DA:22,0
DA:24,3
DA:29,3
DA:30,3
DA:31,3
DA:40,1
DA:43,1
DA:55,1
DA:58,1
DA:59,1
DA:62,1
DA:70,0
DA:78,0
DA:79,0
DA:83,3
DA:84,3
DA:85,0
DA:88,3
LF:19
LH:14
BRDA:21,1,0,0
BRDA:21,1,1,3
BRDA:79,2,0,0
BRDA:79,2,1,0
BRDA:84,3,0,0
BRDA:84,3,1,3
BRF:6
BRH:2
end_of_record
TN:
SF:/Users/fabricio/Projects/whiteprompt/r&d/developer-bootcamp/hardhat-starter-kit/contracts/PriceConsumerV3.sol
FN:14,constructor
FN:21,getLatestPrice
FNF:2
FNH:2
FNDA:3,constructor
FNDA:1,getLatestPrice
DA:15,3
DA:22,1
DA:29,1
LF:3
LH:3
BRF:0
BRH:0
end_of_record
TN:
SF:/Users/fabricio/Projects/whiteprompt/r&d/developer-bootcamp/hardhat-starter-kit/contracts/RandomNumberConsumer.sol
FN:26,constructor
FN:35,getRandomNumber
FN:43,fulfillRandomness
FN:53,withdrawLink
FNF:4
FNH:2
FNDA:3,constructor
FNDA:1,getRandomNumber
FNDA:0,fulfillRandomness
FNDA:0,withdrawLink
DA:28,3
DA:29,3
DA:36,1
DA:37,1
DA:44,0
DA:54,0
LF:6
LH:4
BRDA:54,1,0,0
BRDA:54,1,1,0
BRF:2
BRH:0
end_of_record
TN:
SF:/Users/fabricio/Projects/whiteprompt/r&d/developer-bootcamp/hardhat-starter-kit/contracts/SimpleAuction.sol
FN:33,constructor
FN:45,bid
FN:80,withdraw
FN:99,auctionEnd
FNF:4
FNH:1
FNDA:3,constructor
FNDA:0,bid
FNDA:0,withdraw
FNDA:0,auctionEnd
DA:37,3
DA:38,3
DA:54,0
DA:61,0
DA:66,0
DA:72,0
DA:74,0
DA:75,0
DA:76,0
DA:81,0
DA:82,0
DA:86,0
DA:88,0
DA:90,0
DA:91,0
DA:94,0
DA:114,0
DA:115,0
DA:118,0
DA:119,0
DA:122,0
LF:21
LH:2
BRDA:54,1,0,0
BRDA:54,1,1,0
BRDA:61,2,0,0
BRDA:61,2,1,0
BRDA:66,3,0,0
BRDA:66,3,1,0
BRDA:82,4,0,0
BRDA:82,4,1,0
BRDA:88,5,0,0
BRDA:88,5,1,0
BRDA:114,6,0,0
BRDA:114,6,1,0
BRDA:115,7,0,0
BRDA:115,7,1,0
BRF:14
BRH:0
end_of_record
TN:
SF:/Users/fabricio/Projects/whiteprompt/r&d/developer-bootcamp/hardhat-starter-kit/contracts/test/LinkToken.sol
FNF:0
FNH:0
LF:0
LH:0
BRF:0
BRH:0
end_of_record
TN:
SF:/Users/fabricio/Projects/whiteprompt/r&d/developer-bootcamp/hardhat-starter-kit/contracts/test/MockOracle.sol
FN:48,constructor
FN:80,oracleRequest
FN:118,fulfillOracleRequest
FN:140,cancelOracleRequest
FN:164,getChainlinkToken
FN:179,isValidRequest
FN:189,checkCallbackAddress
FNF:7
FNH:4
FNDA:9,constructor
FNDA:1,oracleRequest
FNDA:0,fulfillOracleRequest
FNDA:0,cancelOracleRequest
FNDA:2,getChainlinkToken
FNDA:0,isValidRequest
FNDA:1,checkCallbackAddress
DA:51,9
DA:82,1
DA:83,1
DA:85,1
DA:87,1
DA:92,1
DA:121,0
DA:122,0
DA:123,0
DA:127,0
DA:128,0
DA:149,0
DA:151,0
DA:153,0
DA:154,0
DA:156,0
DA:170,2
DA:180,0
DA:181,0
DA:190,1
DA:191,1
LF:21
LH:9
BRDA:83,1,0,1
BRDA:83,1,1,0
BRDA:123,2,0,0
BRDA:123,2,1,0
BRDA:149,3,0,0
BRDA:149,3,1,0
BRDA:151,4,0,0
BRDA:151,4,1,0
BRDA:180,5,0,0
BRDA:180,5,1,0
BRDA:190,6,0,1
BRDA:190,6,1,0
BRF:12
BRH:2
end_of_record
TN:
SF:/Users/fabricio/Projects/whiteprompt/r&d/developer-bootcamp/hardhat-starter-kit/contracts/test/MockV3Aggregator.sol
FNF:0
FNH:0
LF:0
LH:0
BRF:0
BRH:0
end_of_record
TN:
SF:/Users/fabricio/Projects/whiteprompt/r&d/developer-bootcamp/hardhat-starter-kit/contracts/test/VRFCoordinatorMock.sol
FNF:0
FNH:0
LF:0
LH:0
BRF:0
BRH:0
end_of_record
